<?xml version="1.0" encoding="UTF-8"?>
<!-- Generated by org.testng.reporters.JUnitReportReporter -->
<testsuite skipped="0" hostname="DESKTOP-EM8SP10" name="com.actitime.testscripts.InValid" tests="2" failures="0" timestamp="10 Jan 2021 07:32:02 GMT" time="0.026" errors="0">
  <testcase name="testInvalidLogin" time="0.024" classname="com.actitime.testscripts.InValid"/>
  <testcase name="testInvalidLogin" time="0.002" classname="com.actitime.testscripts.InValid"/>
</testsuite> <!-- com.actitime.testscripts.InValid -->
