<?xml version="1.0" encoding="UTF-8"?>
<!-- Generated by org.testng.reporters.JUnitReportReporter -->
<testsuite skipped="0" hostname="DESKTOP-EM8SP10" name="com.actitime.testscripts.DataProviderTest" tests="3" failures="0" timestamp="10 Jan 2021 07:48:05 GMT" time="0.000" errors="0">
  <testcase name="testAddToCart" time="0.000" classname="com.actitime.testscripts.DataProviderTest"/>
  <testcase name="testAddToCart" time="0.000" classname="com.actitime.testscripts.DataProviderTest"/>
  <testcase name="testAddToCart" time="0.000" classname="com.actitime.testscripts.DataProviderTest"/>
</testsuite> <!-- com.actitime.testscripts.DataProviderTest -->
